TN:
SF:/opt/homedir/src/surface-saver-rust/src/consolidate.rs
FN:7,consolidate_directory
FN:69,consolidate_files
FN:113,ConsolidationResult::new
FNF:3
FNDA:12,consolidate_directory
FNDA:12,consolidate_files
FNDA:10,ConsolidationResult::new
DA:7,12
DA:8,12
DA:9,2
DA:10,2
DA:11,2
DA:15,20
DA:16,30
DA:18,32
DA:19,24
DA:23,24
DA:25,39
DA:26,15
DA:29,70
DA:31,98
DA:32,27
DA:33,26
DA:38,24
DA:39,12
DA:44,34
DA:46,8
DA:55,8
DA:56,8
DA:57,12
DA:58,12
DA:59,4
DA:60,4
DA:66,10
DA:69,12
DA:70,24
DA:72,35
DA:73,39
DA:75,10
DA:78,3
DA:87,18
DA:90,9
DA:91,1
DA:93,8
DA:113,10
DA:118,10
LF:39
LH:39
end_of_record
TN:
SF:/opt/homedir/src/surface-saver-rust/src/lib.rs
FN:63,run_command
FNF:1
FNDA:10,run_command
DA:63,10
DA:64,10
DA:65,3
DA:66,2
DA:69,1
DA:70,1
DA:75,1
DA:76,1
DA:82,2
DA:83,2
DA:88,3
DA:89,3
DA:90,3
DA:91,3
DA:92,3
DA:93,3
DA:94,3
DA:104,9
DA:105,2
DA:107,1
DA:108,3
DA:110,1
DA:111,3
DA:115,1
DA:118,1
DA:131,2
DA:132,2
DA:137,8
DA:138,3
DA:152,8
DA:153,8
DA:154,8
DA:155,2
DA:161,2
DA:167,1
DA:173,2
DA:174,2
LF:37
LH:37
end_of_record
TN:
SF:/opt/homedir/src/surface-saver-rust/src/search.rs
FN:30,SearchOptions::should_search_name
FN:36,SearchOptions::should_search_description
FN:42,SearchOptions::should_search_categories
FN:48,SearchOptions::should_search_notes
FN:55,search_directory
FN:95,matches_all_keywords
FN:104,matches_keyword
FNF:7
FNDA:29,SearchOptions::should_search_name
FNDA:22,SearchOptions::should_search_description
FNDA:19,SearchOptions::should_search_categories
FNDA:15,SearchOptions::should_search_notes
FNDA:7,search_directory
FNDA:11,matches_all_keywords
FNDA:26,matches_keyword
DA:30,29
DA:31,29
DA:32,25
DA:33,23
DA:36,22
DA:37,22
DA:38,19
DA:39,22
DA:42,19
DA:43,19
DA:44,14
DA:45,15
DA:48,15
DA:49,15
DA:50,11
DA:51,10
DA:55,7
DA:60,7
DA:61,2
DA:62,2
DA:63,2
DA:67,10
DA:69,20
DA:70,5
DA:71,5
DA:72,25
DA:75,30
DA:76,10
DA:77,5
DA:78,23
DA:79,5
DA:80,15
DA:81,10
DA:82,5
DA:91,13
DA:92,5
DA:95,11
DA:96,32
DA:97,39
DA:98,5
DA:101,6
DA:104,26
DA:105,78
DA:107,84
DA:108,7
DA:112,22
DA:114,3
DA:118,20
DA:119,29
DA:120,24
DA:121,4
DA:127,12
DA:128,14
DA:130,2
DA:135,10
LF:55
LH:55
end_of_record
TN:
SF:/opt/homedir/src/surface-saver-rust/src/validator.rs
FN:8,compile_schema
FN:16,validate_directory
FN:59,validate_json_file
FNF:3
FNDA:10,compile_schema
FNDA:8,validate_directory
FNDA:13,validate_json_file
DA:8,10
DA:9,30
DA:13,3
DA:16,8
DA:18,24
DA:21,8
DA:26,21
DA:27,14
DA:32,18
DA:34,22
DA:35,8
DA:39,40
DA:42,12
DA:43,4
DA:46,4
DA:47,4
DA:48,6
DA:56,7
DA:59,13
DA:61,12
DA:62,41
DA:65,13
DA:69,7
DA:70,4
DA:72,12
DA:74,8
DA:77,8
LF:27
LH:27
end_of_record
